<?xml version="1.0" encoding="UTF-8"?>
<!-- Generated by org.testng.reporters.JUnitReportReporter -->
<testsuite hostname="NODE2469" failures="0" tests="2" name="testcases.ProductDataDrivenTest" time="2.479" errors="0" timestamp="2025-03-12T12:16:42 IST" skipped="0">
  <testcase classname="testcases.ProductDataDrivenTest" name="testAddNewProduct" time="1.003"/>
  <system-out/>
  <testcase classname="testcases.ProductDataDrivenTest" name="testAddNewProduct" time="1.476"/>
  <system-out/>
</testsuite> <!-- testcases.ProductDataDrivenTest -->
