<?xml version="1.0" encoding="UTF-8"?>
<!-- Generated by org.testng.reporters.JUnitReportReporter -->
<testsuite hostname="NODE2469" failures="0" tests="2" name="NewTest" time="2.410" errors="0" timestamp="2025-03-12T12:16:42 IST" skipped="1">
  <testcase classname="NewTest" name="createUser" time="2.410"/>
  <system-out/>
  <testcase classname="NewTest" name="f">
    <skipped/>
  </testcase> <!-- f -->
  <system-out/>
</testsuite> <!-- NewTest -->
