<?xml version="1.0" encoding="UTF-8"?>
<!-- Generated by org.testng.reporters.JUnitReportReporter -->
<testsuite hostname="NODE2469" failures="0" tests="2" name="testcases.LoginTest" time="2.206" errors="0" timestamp="2025-03-12T12:16:42 IST" skipped="0">
  <testcase classname="testcases.LoginTest" name="validCredential" time="0.515"/>
  <system-out/>
  <testcase classname="testcases.LoginTest" name="InValidCredential" time="1.691"/>
  <system-out/>
</testsuite> <!-- testcases.LoginTest -->
