<?xml version="1.0" encoding="UTF-8"?>
<!-- Generated by org.testng.reporters.JUnitReportReporter -->
<testsuite hostname="NODE2469" failures="0" tests="4" name="testcases.DependsOnMethodsTest" time="0.012" errors="0" timestamp="2025-06-24T09:46:08 IST" skipped="0">
  <testcase classname="testcases.DependsOnMethodsTest" name="d" time="0.001"/>
  <testcase classname="testcases.DependsOnMethodsTest" name="b" time="0.009"/>
  <testcase classname="testcases.DependsOnMethodsTest" name="c" time="0.001"/>
  <testcase classname="testcases.DependsOnMethodsTest" name="a" time="0.001"/>
</testsuite> <!-- testcases.DependsOnMethodsTest -->
