<?xml version="1.0" encoding="UTF-8"?>
<!-- Generated by org.testng.reporters.JUnitReportReporter -->
<testsuite hostname="NODE2469" failures="0" tests="1" name="com.gspan.RestAssuredEx1.Test_Basic_All_In_Rest_Assured" time="2.252" errors="0" timestamp="2025-07-05T22:03:34 IST" skipped="0">
  <testcase classname="com.gspan.RestAssuredEx1.Test_Basic_All_In_Rest_Assured" name="test_particular_itmes_inListOfItems" time="2.252"/>
</testsuite> <!-- com.gspan.RestAssuredEx1.Test_Basic_All_In_Rest_Assured -->
