<?xml version="1.0" encoding="UTF-8"?>
<!-- Generated by org.testng.reporters.JUnitReportReporter -->
<testsuite hostname="NODE2469" failures="0" tests="12" name="testcases.PriorityTest" time="0.023" errors="0" timestamp="2025-06-24T09:48:40 IST" skipped="0">
  <testcase classname="testcases.PriorityTest" name="d" time="0.001"/>
  <testcase classname="testcases.PriorityTest" name="D" time="0.009"/>
  <testcase classname="testcases.PriorityTest" name="test2" time="0.001"/>
  <testcase classname="testcases.PriorityTest" name="c" time="0.001"/>
  <testcase classname="testcases.PriorityTest" name="e" time="0.001"/>
  <testcase classname="testcases.PriorityTest" name="f" time="0.001"/>
  <testcase classname="testcases.PriorityTest" name="test4" time="0.001"/>
  <testcase classname="testcases.PriorityTest" name="test1" time="0.001"/>
  <testcase classname="testcases.PriorityTest" name="test3" time="0.002"/>
  <testcase classname="testcases.PriorityTest" name="a" time="0.000"/>
  <testcase classname="testcases.PriorityTest" name="b" time="0.001"/>
  <testcase classname="testcases.PriorityTest" name="lunchBrowserAndUrl" time="0.004"/>
</testsuite> <!-- testcases.PriorityTest -->
