<?xml version="1.0" encoding="UTF-8"?>
<!-- Generated by org.testng.reporters.JUnitReportReporter -->
<testsuite hostname="NODE2469" failures="0" tests="4" name="testcases.Class3" time="0.020" errors="0" timestamp="2025-06-24T13:05:40 IST" skipped="0">
  <testcase classname="testcases.Class3" name="invocationCount" time="0.002"/>
  <testcase classname="testcases.Class3" name="invocationCount" time="0.004"/>
  <testcase classname="testcases.Class3" name="invocationCount" time="0.002"/>
  <testcase classname="testcases.Class3" name="invocationCount" time="0.012"/>
</testsuite> <!-- testcases.Class3 -->
