<?xml version="1.0" encoding="UTF-8"?>
<!-- Generated by org.testng.reporters.JUnitReportReporter -->
<testsuite hostname="NODE2469" failures="0" tests="2" name="testcases.ProductDataDrivenTest" time="3.932" errors="0" timestamp="2025-03-04T12:05:08 IST" skipped="0">
  <testcase classname="testcases.ProductDataDrivenTest" name="testAddNewProduct" time="2.730"/>
  <testcase classname="testcases.ProductDataDrivenTest" name="testAddNewProduct" time="1.202"/>
</testsuite> <!-- testcases.ProductDataDrivenTest -->
