<?xml version="1.0" encoding="UTF-8"?>
<!-- Generated by org.testng.reporters.JUnitReportReporter -->
<testsuite hostname="NODE2469" failures="0" tests="3" name="testcases.Class2" time="0.009" errors="0" timestamp="2025-06-24T12:13:08 IST" skipped="0">
  <testcase classname="testcases.Class2" name="e" time="0.005"/>
  <testcase classname="testcases.Class2" name="d" time="0.002"/>
  <testcase classname="testcases.Class2" name="f" time="0.002"/>
</testsuite> <!-- testcases.Class2 -->
