<?xml version="1.0" encoding="UTF-8"?>
<!-- Generated by org.testng.reporters.JUnitReportReporter -->
<testsuite hostname="NODE2469" failures="0" tests="7" name="testcases.UserTestcase" time="6.705" errors="0" timestamp="2025-03-12T11:34:33 IST" skipped="0">
  <testcase classname="testcases.UserTestcase" name="getSingleProductByID" time="0.492"/>
  <testcase classname="testcases.UserTestcase" name="getProductByLimit" time="0.677"/>
  <testcase classname="testcases.UserTestcase" name="deleteProduct" time="0.511"/>
  <testcase classname="testcases.UserTestcase" name="getProductBySorting" time="1.123"/>
  <testcase classname="testcases.UserTestcase" name="getAllProducts" time="0.480"/>
  <testcase classname="testcases.UserTestcase" name="createProduct" time="2.858"/>
  <testcase classname="testcases.UserTestcase" name="updateProduct" time="0.564"/>
</testsuite> <!-- testcases.UserTestcase -->
