<?xml version="1.0" encoding="UTF-8"?>
<!-- Generated by org.testng.reporters.JUnitReportReporter -->
<testsuite hostname="NODE2469" failures="0" tests="1" name="testcases.Product_API_Testcases" time="2.550" errors="0" timestamp="2025-03-05T09:45:13 IST" skipped="0">
  <testcase classname="testcases.Product_API_Testcases" name="createProduct" time="2.550"/>
</testsuite> <!-- testcases.Product_API_Testcases -->
