<?xml version="1.0" encoding="UTF-8"?>
<!-- Generated by org.testng.reporters.JUnitReportReporter -->
<testsuite hostname="NODE2469" failures="0" tests="1" name="java8.SelniumJava8Feature" time="0.193" errors="0" timestamp="2025-05-16T15:27:16 IST" skipped="0">
  <testcase classname="java8.SelniumJava8Feature" name="getAllHeaderLinksUsingJava8" time="0.193"/>
</testsuite> <!-- java8.SelniumJava8Feature -->
