<?xml version="1.0" encoding="UTF-8"?>
<!-- Generated by org.testng.reporters.JUnitReportReporter -->
<testsuite hostname="NODE2469" failures="0" tests="1" name="com.gspan.RestAssuredEx1.CrudRestAssured" time="2.841" errors="0" timestamp="25 Feb 2025 10:23:36 GMT">
  <testcase classname="com.gspan.RestAssuredEx1.CrudRestAssured" name="validating_status_code_for_GET_request" time="2.841"/>
</testsuite> <!-- com.gspan.RestAssuredEx1.CrudRestAssured -->
