<?xml version="1.0" encoding="UTF-8"?>
<!-- Generated by org.testng.reporters.JUnitReportReporter -->
<testsuite hostname="NODE2469" failures="0" tests="1" name="NewTest" time="2.440" errors="0" timestamp="3 Mar 2025 12:58:55 GMT">
  <testcase classname="NewTest" name="createUser" time="2.440"/>
</testsuite> <!-- NewTest -->
