<?xml version="1.0" encoding="UTF-8"?>
<!-- Generated by org.testng.reporters.JUnitReportReporter -->
<testsuite hostname="NODE2469" failures="0" tests="1" name="testcases.Class1" time="35.504" errors="0" timestamp="2025-06-28T14:39:44 IST" skipped="0">
  <testcase classname="testcases.Class1" name="a" time="35.504"/>
</testsuite> <!-- testcases.Class1 -->
